TN:gcov_test
SF:/Users/superboy/C2_s21_stringplus-1/src/lib/s21_calc.c
FN:3,s21_strlen
FNDA:988,s21_strlen
FN:11,s21_strspn
FNDA:3,s21_strspn
FN:32,s21_strcspn
FNDA:2,s21_strcspn
FNF:3
FNH:3
DA:3,988
DA:4,988
DA:5,988
DA:6,24125
DA:8,988
DA:11,3
DA:13,3
DA:14,3
DA:15,11
DA:16,11
DA:17,27
DA:18,24
DA:19,8
DA:20,8
DA:21,8
DA:24,11
DA:25,3
DA:29,3
DA:32,2
DA:34,2
DA:35,2
DA:36,7
DA:37,7
DA:38,2
DA:42,5
DA:43,5
DA:47,2
LF:27
LH:27
end_of_record
TN:gcov_test
SF:/Users/superboy/C2_s21_stringplus-1/src/lib/s21_comparison.c
FN:3,s21_memcmp
FNDA:6,s21_memcmp
FN:17,s21_strcmp
FNDA:3,s21_strcmp
FN:28,s21_strncmp
FNDA:9,s21_strncmp
FNF:3
FNH:3
DA:3,6
DA:4,6
DA:5,6
DA:6,6
DA:7,20
DA:8,18
DA:9,18
DA:10,18
DA:11,18
DA:12,18
DA:14,6
DA:17,3
DA:18,3
DA:19,11
DA:20,10
DA:21,10
DA:22,10
DA:23,10
DA:25,3
DA:28,9
DA:29,9
DA:30,27
DA:31,24
DA:32,1
DA:33,23
DA:34,23
DA:35,23
DA:36,23
DA:37,23
DA:39,9
LF:30
LH:30
end_of_record
TN:gcov_test
SF:/Users/superboy/C2_s21_stringplus-1/src/lib/s21_copy.c
FN:3,s21_memcpy
FNDA:6,s21_memcpy
FN:13,s21_memmove
FNDA:6,s21_memmove
FN:24,s21_memset
FNDA:93,s21_memset
FN:36,s21_strcpy
FNDA:29,s21_strcpy
FN:53,s21_strncpy
FNDA:6,s21_strncpy
FNF:5
FNH:5
DA:3,6
DA:5,6
DA:6,40
DA:7,34
DA:10,6
DA:13,6
DA:16,6
DA:17,40
DA:18,34
DA:21,6
DA:24,93
DA:28,93
DA:29,2996
DA:30,2903
DA:33,93
DA:36,29
DA:39,29
DA:40,29
DA:41,0
DA:43,281
DA:44,252
DA:45,252
DA:46,252
DA:48,29
DA:50,29
DA:53,6
DA:56,6
DA:57,6
DA:58,0
DA:60,40
DA:61,34
DA:62,34
DA:63,34
DA:65,6
DA:67,6
LF:35
LH:33
end_of_record
TN:gcov_test
SF:/Users/superboy/C2_s21_stringplus-1/src/lib/s21_insert.c
FN:3,s21_insert
FNDA:2,s21_insert
FNF:1
FNH:1
DA:3,2
DA:8,2
DA:9,2
DA:10,2
DA:11,2
DA:12,2
DA:14,2
DA:16,2
DA:17,16
DA:18,14
DA:19,2
DA:20,6
DA:21,4
DA:22,4
DA:23,4
DA:25,2
DA:26,2
DA:28,12
DA:29,12
DA:32,2
DA:35,2
LF:21
LH:21
end_of_record
TN:gcov_test
SF:/Users/superboy/C2_s21_stringplus-1/src/lib/s21_lower_upper.c
FN:3,s21_to_upper
FNDA:1,s21_to_upper
FN:17,s21_to_lower
FNDA:1,s21_to_lower
FNF:2
FNH:2
DA:3,1
DA:4,1
DA:5,1
DA:6,1
DA:7,11
DA:8,10
DA:9,7
DA:11,3
DA:14,1
DA:17,1
DA:18,1
DA:19,1
DA:20,1
DA:21,11
DA:22,10
DA:23,3
DA:25,7
DA:28,1
LF:18
LH:18
end_of_record
TN:gcov_test
SF:/Users/superboy/C2_s21_stringplus-1/src/lib/s21_search.c
FN:3,s21_memchr
FNDA:8,s21_memchr
FN:17,s21_strchr
FNDA:9,s21_strchr
FN:30,s21_strpbrk
FNDA:2,s21_strpbrk
FN:48,s21_strrchr
FNDA:2,s21_strrchr
FN:60,s21_strstr
FNDA:4,s21_strstr
FNF:5
FNH:5
DA:3,8
DA:5,8
DA:6,8
DA:7,42
DA:8,35
DA:9,1
DA:10,1
DA:11,1
DA:14,8
DA:17,9
DA:18,9
DA:19,9
DA:20,74
DA:21,68
DA:22,3
DA:23,3
DA:27,9
DA:30,2
DA:33,2
DA:34,2
DA:35,7
DA:36,53
DA:37,48
DA:38,2
DA:39,2
DA:40,2
DA:43,7
DA:45,2
DA:48,2
DA:50,2
DA:51,21
DA:52,20
DA:53,1
DA:54,1
DA:57,2
DA:60,4
DA:63,4
DA:64,4
DA:65,4
DA:66,5
DA:67,4
DA:70,8
DA:71,7
DA:72,3
DA:73,13
DA:74,11
DA:75,10
DA:77,1
DA:78,1
DA:82,7
DA:83,2
DA:85,5
DA:89,4
LF:53
LH:53
end_of_record
TN:gcov_test
SF:/Users/superboy/C2_s21_stringplus-1/src/lib/s21_sprintf.c
FN:7,s21_sprintf
FNDA:54,s21_sprintf
FN:53,parser_flags
FNDA:78,parser_flags
FN:71,parser_width
FNDA:78,parser_width
FN:82,parser_precision
FNDA:78,parser_precision
FN:96,parser_lenght
FNDA:78,parser_lenght
FN:112,parser_options
FNDA:78,parser_options
FN:142,output_c
FNDA:20,output_c
FN:173,output_d_i
FNDA:13,output_d_i
FN:185,add_precision
FNDA:24,add_precision
FN:208,add_flags
FNDA:27,add_flags
FN:239,output_f_lf
FNDA:7,output_f_lf
FN:247,output_s
FNDA:24,output_s
FN:312,output_u
FNDA:11,output_u
FN:333,s21_atoi
FNDA:39,s21_atoi
FN:365,s21_itoa_decimal
FNDA:20,s21_itoa_decimal
FN:382,s21_dtoa
FNDA:7,s21_dtoa
FN:427,s21_utoa
FNDA:11,s21_utoa
FN:440,cnt_digit_int
FNDA:26,cnt_digit_int
FN:453,s21_isdigit
FNDA:193,s21_isdigit
FN:455,s21_mblen
FNDA:6,s21_mblen
FN:464,s21_wctomb
FNDA:6,s21_wctomb
FNF:21
FNH:21
DA:7,54
DA:8,54
DA:10,54
DA:11,54
DA:13,587
DA:14,533
DA:15,455
DA:16,455
DA:17,455
DA:19,78
DA:20,78
DA:24,78
DA:25,78
DA:26,78
DA:27,78
DA:29,78
DA:30,78
DA:31,78
DA:33,78
DA:35,954
DA:36,876
DA:37,876
DA:39,78
DA:40,1
DA:41,1
DA:44,54
DA:45,54
DA:46,54
DA:53,78
DA:54,93
DA:55,15
DA:56,10
DA:57,10
DA:58,10
DA:59,2
DA:60,2
DA:61,2
DA:62,3
DA:63,3
DA:64,3
DA:66,15
DA:68,78
DA:71,78
DA:72,78
DA:74,78
DA:75,66
DA:76,41
DA:77,25
DA:79,78
DA:82,78
DA:83,78
DA:84,78
DA:85,15
DA:86,15
DA:87,15
DA:88,34
DA:89,20
DA:90,14
DA:93,78
DA:96,78
DA:97,159
DA:98,15
DA:99,12
DA:100,12
DA:101,12
DA:102,12
DA:103,3
DA:104,3
DA:105,3
DA:106,3
DA:108,93
DA:109,78
DA:112,78
DA:113,78
DA:114,20
DA:115,20
DA:116,20
DA:117,13
DA:119,13
DA:120,13
DA:121,7
DA:122,7
DA:123,7
DA:124,24
DA:125,24
DA:126,24
DA:127,11
DA:128,11
DA:129,11
DA:130,1
DA:131,1
DA:132,1
DA:133,2
DA:134,2
DA:136,78
DA:142,20
DA:143,20
DA:144,3
DA:145,3
DA:146,6
DA:147,5
DA:149,1
DA:150,2
DA:151,1
DA:152,5
DA:154,1
DA:157,17
DA:158,17
DA:159,22
DA:160,20
DA:162,2
DA:164,15
DA:165,3
DA:166,20
DA:168,12
DA:171,20
DA:173,13
DA:174,13
DA:175,13
DA:176,1
DA:177,12
DA:178,11
DA:180,13
DA:181,13
DA:182,13
DA:183,13
DA:185,24
DA:186,24
DA:188,24
DA:189,24
DA:191,24
DA:192,2
DA:193,2
DA:194,2
DA:197,24
DA:198,77
DA:199,73
DA:201,4
DA:202,100
DA:203,96
DA:206,24
DA:208,27
DA:209,27
DA:210,27
DA:211,27
DA:212,2
DA:213,0
DA:214,0
DA:216,2
DA:218,2
DA:219,2
DA:220,25
DA:221,2
DA:222,2
DA:223,2
DA:226,27
DA:227,9
DA:228,9
DA:229,5
DA:230,5
DA:232,4
DA:233,4
DA:235,9
DA:237,27
DA:239,7
DA:240,7
DA:242,7
DA:243,7
DA:244,7
DA:245,7
DA:247,24
DA:248,24
DA:249,6
DA:250,6
DA:251,6
DA:252,6
DA:253,2
DA:254,4
DA:256,3
DA:257,2
DA:260,2
DA:262,4
DA:263,2
DA:264,120
DA:265,119
DA:268,1
DA:270,1
DA:272,43
DA:273,42
DA:277,2
DA:281,18
DA:282,18
DA:283,18
DA:285,18
DA:286,2
DA:287,16
DA:289,7
DA:290,6
DA:293,2
DA:294,16
DA:295,2
DA:296,10
DA:297,9
DA:299,1
DA:301,1
DA:302,10
DA:303,9
DA:307,14
DA:310,24
DA:312,11
DA:313,11
DA:314,2
DA:315,2
DA:316,2
DA:317,9
DA:318,2
DA:319,2
DA:320,2
DA:322,7
DA:323,7
DA:324,7
DA:325,7
DA:327,11
DA:333,39
DA:334,39
DA:335,39
DA:336,39
DA:338,39
DA:340,39
DA:341,0
DA:342,0
DA:345,39
DA:346,0
DA:349,100
DA:350,61
DA:351,61
DA:352,0
DA:353,0
DA:355,61
DA:357,39
DA:358,0
DA:360,39
DA:362,39
DA:365,20
DA:366,20
DA:367,4
DA:368,4
DA:370,16
DA:371,2
DA:372,2
DA:374,68
DA:375,52
DA:376,52
DA:377,52
DA:380,20
DA:382,7
DA:383,7
DA:384,7
DA:388,7
DA:389,7
DA:391,7
DA:392,7
DA:393,7
DA:395,7
DA:396,5
DA:397,1
DA:399,4
DA:400,29
DA:402,25
DA:403,25
DA:404,0
DA:406,25
DA:407,17
DA:409,8
DA:411,25
DA:412,25
DA:416,2
DA:417,1
DA:419,11
DA:420,10
DA:421,10
DA:425,7
DA:427,11
DA:428,11
DA:429,1
DA:430,1
DA:432,70
DA:433,60
DA:434,60
DA:435,60
DA:438,11
DA:440,26
DA:441,26
DA:442,26
DA:443,2
DA:445,134
DA:446,110
DA:447,110
DA:450,26
DA:453,193
DA:455,6
DA:456,6
DA:457,42
DA:458,36
DA:459,36
DA:461,6
DA:464,6
DA:465,75
DA:466,69
DA:468,6
LF:310
LH:301
end_of_record
TN:gcov_test
SF:/Users/superboy/C2_s21_stringplus-1/src/lib/s21_strtok.c
FN:4,s21_strtok
FNDA:3,s21_strtok
FNF:1
FNH:1
DA:4,3
DA:8,3
DA:10,3
DA:11,3
DA:12,3
DA:13,3
DA:14,0
DA:15,0
DA:19,3
LF:9
LH:7
end_of_record
TN:gcov_test
SF:/Users/superboy/C2_s21_stringplus-1/src/lib/s21_support.c
FN:256,s21_strerror
FNDA:4,s21_strerror
FN:266,s21_strcat
FNDA:19,s21_strcat
FN:275,s21_strncat
FNDA:16,s21_strncat
FNF:3
FNH:3
DA:256,4
DA:258,4
DA:259,3
DA:261,1
DA:263,4
DA:266,19
DA:267,19
DA:268,342
DA:269,323
DA:271,19
DA:272,19
DA:275,16
DA:276,16
DA:277,61
DA:278,45
DA:280,16
LF:16
LH:16
end_of_record
TN:gcov_test
SF:/Users/superboy/C2_s21_stringplus-1/src/test_files/s21_test_string.c
FN:3,strlen_test_fn
FNDA:1,strlen_test_fn
FN:13,memchr_test_fn
FNDA:1,memchr_test_fn
FN:27,memcmp_test_fn
FNDA:1,memcmp_test_fn
FN:42,memcpy_test_fn
FNDA:1,memcpy_test_fn
FN:56,memmove_test_fn
FNDA:1,memmove_test_fn
FN:70,memset_test_fn
FNDA:1,memset_test_fn
FN:84,strcat_test_fn
FNDA:1,strcat_test_fn
FN:93,strncat_test_fn
FNDA:1,strncat_test_fn
FN:107,strchr_test_fn
FNDA:1,strchr_test_fn
FN:116,strcmp_test_fn
FNDA:1,strcmp_test_fn
FN:127,strncmp_test_fn
FNDA:1,strncmp_test_fn
FN:143,strcpy_test_fn
FNDA:1,strcpy_test_fn
FN:152,strncpy_test_fn
FNDA:1,strncpy_test_fn
FN:166,strcspn_test_fn
FNDA:1,strcspn_test_fn
FN:175,strpbrk_test_fn
FNDA:1,strpbrk_test_fn
FN:184,strrchr_test_fn
FNDA:1,strrchr_test_fn
FN:193,strerror_test_fn
FNDA:1,strerror_test_fn
FN:201,strstr_test_fn
FNDA:1,strstr_test_fn
FN:213,strspn_test_fn
FNDA:1,strspn_test_fn
FN:223,strtok_test_fn
FNDA:1,strtok_test_fn
FN:235,trim_test_fn
FNDA:1,trim_test_fn
FN:243,insert_test_fn
FNDA:1,insert_test_fn
FN:255,to_lower_test_fn
FNDA:1,to_lower_test_fn
FN:262,to_upper_test_fn
FNDA:1,to_upper_test_fn
FN:269,common_int_fn
FNDA:1,common_int_fn
FN:280,precise_int_fn
FNDA:1,precise_int_fn
FN:291,width_int_fn
FNDA:1,width_int_fn
FN:303,minus_width_int_fn
FNDA:1,minus_width_int_fn
FN:315,plus_width_int_fn
FNDA:1,plus_width_int_fn
FN:327,many_flags_many_ints_fn
FNDA:1,many_flags_many_ints_fn
FN:341,flags_long_int_fn
FNDA:1,flags_long_int_fn
FN:353,flags_short_int_fn
FNDA:1,flags_short_int_fn
FN:365,space_flag_int_fn
FNDA:1,space_flag_int_fn
FN:377,unsigned_val_fn
FNDA:1,unsigned_val_fn
FN:389,unsigned_val_width_fn
FNDA:1,unsigned_val_width_fn
FN:401,unsigned_val_flags_fn
FNDA:1,unsigned_val_flags_fn
FN:413,unsigned_val_precision_fn
FNDA:1,unsigned_val_precision_fn
FN:425,unsigned_val_short_fn
FNDA:1,unsigned_val_short_fn
FN:437,unsigned_val_long_fn
FNDA:1,unsigned_val_long_fn
FN:449,unsigned_val_many_fn
FNDA:1,unsigned_val_many_fn
FN:463,unsigned_zero_fn
FNDA:1,unsigned_zero_fn
FN:475,one_char_fn
FNDA:1,one_char_fn
FN:486,one_precision_fn
FNDA:1,one_precision_fn
FN:498,one_flags_fn
FNDA:1,one_flags_fn
FN:510,one_width_l_fn
FNDA:1,one_width_l_fn
FN:522,one_l_fn
FNDA:1,one_l_fn
FN:534,one_width_fn
FNDA:1,one_width_fn
FN:546,one_many_fn
FNDA:1,one_many_fn
FN:559,one_many_flags_fn
FNDA:1,one_many_flags_fn
FN:571,string_fn
FNDA:1,string_fn
FN:582,string_precision_fn
FNDA:1,string_precision_fn
FN:594,string_width_fn
FNDA:1,string_width_fn
FN:606,string_flags_fn
FNDA:1,string_flags_fn
FN:619,string_long_fn
FNDA:1,string_long_fn
FN:632,string_many_fn
FNDA:1,string_many_fn
FN:649,float_precision_fn
FNDA:1,float_precision_fn
FN:660,float_width_fn
FNDA:1,float_width_fn
FN:671,float_precision_empty_fn
FNDA:1,float_precision_empty_fn
FN:682,float_many_fn
FNDA:1,float_many_fn
FN:697,all_empty_fn
FNDA:1,all_empty_fn
FN:706,test_one_char_fn
FNDA:1,test_one_char_fn
FN:716,test_many_char_fn
FNDA:1,test_many_char_fn
FN:727,test_one_string_fn
FNDA:1,test_one_string_fn
FN:738,test_many_string_fn
FNDA:1,test_many_string_fn
FN:750,width_char_fn
FNDA:1,width_char_fn
FN:761,minus_wide_char_fn
FNDA:1,minus_wide_char_fn
FN:773,wide_string_fn
FNDA:1,wide_string_fn
FN:786,wide_string1_fn
FNDA:1,wide_string1_fn
FN:799,wide_string2_fn
FNDA:1,wide_string2_fn
FN:812,wide_string3_fn
FNDA:1,wide_string3_fn
FN:825,string_width_1_fn
FNDA:1,string_width_1_fn
FN:838,string_prec_1_fn
FNDA:1,string_prec_1_fn
FN:851,string_wide_prec_1_fn
FNDA:1,string_wide_prec_1_fn
FN:864,string_common__1_fn
FNDA:1,string_common__1_fn
FN:877,string_common__2_fn
FNDA:1,string_common__2_fn
FN:890,non_valid_fn
FNDA:1,non_valid_fn
FN:903,procent_fn
FNDA:1,procent_fn
FN:914,n_specifier_fn
FNDA:1,n_specifier_fn
FN:926,s21_string_test_suite
FNDA:79,s21_string_test_suite
FN:1025,main
FNDA:79,main
FNF:80
FNH:80
DA:3,1
DA:4,1
DA:5,1
DA:6,1
DA:7,1
DA:8,1
DA:9,1
DA:10,1
DA:13,1
DA:14,1
DA:15,1
DA:16,1
DA:17,1
DA:18,1
DA:19,5
DA:20,4
DA:21,4
DA:22,4
DA:24,1
DA:27,1
DA:28,1
DA:29,1
DA:30,1
DA:31,1
DA:32,1
DA:33,1
DA:34,4
DA:35,3
DA:36,3
DA:37,3
DA:39,1
DA:42,1
DA:43,1
DA:44,1
DA:45,1
DA:46,1
DA:47,1
DA:48,4
DA:49,3
DA:50,3
DA:51,3
DA:53,1
DA:56,1
DA:57,1
DA:58,1
DA:59,1
DA:60,1
DA:61,1
DA:62,4
DA:63,3
DA:64,3
DA:65,3
DA:67,1
DA:70,1
DA:71,1
DA:72,1
DA:73,1
DA:74,1
DA:75,1
DA:76,4
DA:77,3
DA:78,3
DA:79,3
DA:81,1
DA:84,1
DA:85,1
DA:86,1
DA:87,1
DA:88,1
DA:89,1
DA:90,1
DA:93,1
DA:94,1
DA:95,1
DA:96,1
DA:97,1
DA:98,1
DA:99,3
DA:100,2
DA:101,2
DA:102,2
DA:104,1
DA:107,1
DA:108,1
DA:109,1
DA:110,1
DA:111,1
DA:112,1
DA:113,1
DA:116,1
DA:117,1
DA:118,1
DA:119,1
DA:120,1
DA:121,1
DA:122,1
DA:123,1
DA:124,1
DA:127,1
DA:128,1
DA:129,1
DA:130,1
DA:131,1
DA:132,1
DA:133,1
DA:134,4
DA:135,3
DA:136,3
DA:137,3
DA:138,3
DA:140,1
DA:143,1
DA:144,1
DA:145,1
DA:146,1
DA:147,1
DA:148,1
DA:149,1
DA:152,1
DA:153,1
DA:154,1
DA:155,1
DA:156,1
DA:157,1
DA:158,4
DA:159,3
DA:160,3
DA:161,3
DA:163,1
DA:166,1
DA:167,1
DA:168,1
DA:169,1
DA:170,1
DA:171,1
DA:172,1
DA:175,1
DA:176,1
DA:177,1
DA:178,1
DA:179,1
DA:180,1
DA:181,1
DA:184,1
DA:185,1
DA:186,1
DA:187,1
DA:188,1
DA:189,1
DA:190,1
DA:193,1
DA:194,1
DA:195,1
DA:196,1
DA:197,1
DA:198,1
DA:201,1
DA:202,1
DA:203,1
DA:204,1
DA:205,1
DA:206,1
DA:207,1
DA:208,1
DA:209,1
DA:210,1
DA:213,1
DA:214,1
DA:215,1
DA:216,1
DA:217,1
DA:218,1
DA:219,1
DA:220,1
DA:223,1
DA:224,1
DA:225,1
DA:226,1
DA:227,1
DA:228,1
DA:229,1
DA:230,1
DA:231,1
DA:232,1
DA:235,1
DA:236,1
DA:237,1
DA:238,1
DA:239,1
DA:240,1
DA:243,1
DA:244,1
DA:245,1
DA:246,1
DA:247,1
DA:248,1
DA:249,1
DA:250,1
DA:251,1
DA:252,1
DA:255,1
DA:256,1
DA:257,1
DA:258,1
DA:259,1
DA:262,1
DA:263,1
DA:264,1
DA:265,1
DA:266,1
DA:269,1
DA:270,1
DA:271,1
DA:273,1
DA:274,1
DA:275,1
DA:276,1
DA:277,1
DA:280,1
DA:281,1
DA:282,1
DA:284,1
DA:285,1
DA:286,1
DA:287,1
DA:288,1
DA:291,1
DA:295,1
DA:296,1
DA:297,1
DA:299,1
DA:300,1
DA:303,1
DA:307,1
DA:308,1
DA:309,1
DA:311,1
DA:312,1
DA:315,1
DA:319,1
DA:320,1
DA:321,1
DA:323,1
DA:324,1
DA:327,1
DA:331,1
DA:332,1
DA:333,1
DA:337,1
DA:338,1
DA:341,1
DA:345,1
DA:346,1
DA:347,1
DA:349,1
DA:350,1
DA:353,1
DA:357,1
DA:358,1
DA:359,1
DA:361,1
DA:362,1
DA:365,1
DA:369,1
DA:370,1
DA:371,1
DA:373,1
DA:374,1
DA:377,1
DA:381,1
DA:382,1
DA:383,1
DA:385,1
DA:386,1
DA:389,1
DA:393,1
DA:394,1
DA:395,1
DA:397,1
DA:398,1
DA:401,1
DA:405,1
DA:406,1
DA:407,1
DA:409,1
DA:410,1
DA:413,1
DA:417,1
DA:418,1
DA:419,1
DA:421,1
DA:422,1
DA:425,1
DA:429,1
DA:430,1
DA:431,1
DA:433,1
DA:434,1
DA:437,1
DA:441,1
DA:442,1
DA:443,1
DA:445,1
DA:446,1
DA:449,1
DA:453,1
DA:454,1
DA:455,1
DA:459,1
DA:460,1
DA:463,1
DA:467,1
DA:468,1
DA:471,1
DA:472,1
DA:475,1
DA:479,1
DA:480,1
DA:481,1
DA:483,1
DA:484,1
DA:486,1
DA:490,1
DA:491,1
DA:492,1
DA:494,1
DA:495,1
DA:498,1
DA:502,1
DA:503,1
DA:504,1
DA:506,1
DA:507,1
DA:510,1
DA:514,1
DA:515,1
DA:516,1
DA:518,1
DA:519,1
DA:522,1
DA:526,1
DA:527,1
DA:528,1
DA:530,1
DA:531,1
DA:534,1
DA:538,1
DA:539,1
DA:540,1
DA:542,1
DA:543,1
DA:546,1
DA:550,1
DA:551,1
DA:552,1
DA:555,1
DA:556,1
DA:559,1
DA:563,1
DA:564,1
DA:565,1
DA:567,1
DA:568,1
DA:571,1
DA:575,1
DA:576,1
DA:577,1
DA:579,1
DA:580,1
DA:582,1
DA:586,1
DA:587,1
DA:588,1
DA:590,1
DA:591,1
DA:594,1
DA:598,1
DA:599,1
DA:600,1
DA:602,1
DA:603,1
DA:606,1
DA:610,1
DA:611,1
DA:613,1
DA:615,1
DA:616,1
DA:619,1
DA:623,1
DA:624,1
DA:626,1
DA:628,1
DA:629,1
DA:632,1
DA:636,1
DA:637,1
DA:639,1
DA:640,1
DA:641,1
DA:642,1
DA:645,1
DA:646,1
DA:649,1
DA:652,1
DA:653,1
DA:654,1
DA:656,1
DA:657,1
DA:660,1
DA:663,1
DA:664,1
DA:665,1
DA:667,1
DA:668,1
DA:671,1
DA:674,1
DA:675,1
DA:676,1
DA:678,1
DA:679,1
DA:682,1
DA:685,1
DA:686,1
DA:687,1
DA:688,1
DA:689,1
DA:690,1
DA:693,1
DA:694,1
DA:697,1
DA:700,1
DA:702,1
DA:703,1
DA:706,1
DA:710,1
DA:712,1
DA:713,1
DA:716,1
DA:720,1
DA:723,1
DA:724,1
DA:727,1
DA:731,1
DA:734,1
DA:735,1
DA:738,1
DA:742,1
DA:746,1
DA:747,1
DA:750,1
DA:754,1
DA:755,1
DA:756,1
DA:757,1
DA:758,1
DA:759,1
DA:760,1
DA:761,1
DA:765,1
DA:766,1
DA:767,1
DA:768,1
DA:769,1
DA:770,1
DA:771,1
DA:773,1
DA:777,1
DA:778,1
DA:779,1
DA:780,1
DA:781,1
DA:782,1
DA:783,1
DA:786,1
DA:790,1
DA:791,1
DA:792,1
DA:793,1
DA:794,1
DA:795,1
DA:796,1
DA:799,1
DA:803,1
DA:804,1
DA:805,1
DA:806,1
DA:807,1
DA:808,1
DA:809,1
DA:812,1
DA:816,1
DA:817,1
DA:818,1
DA:819,1
DA:820,1
DA:821,1
DA:822,1
DA:825,1
DA:829,1
DA:830,1
DA:831,1
DA:832,1
DA:833,1
DA:834,1
DA:835,1
DA:838,1
DA:842,1
DA:843,1
DA:844,1
DA:845,1
DA:846,1
DA:847,1
DA:848,1
DA:851,1
DA:855,1
DA:856,1
DA:857,1
DA:858,1
DA:859,1
DA:860,1
DA:861,1
DA:864,1
DA:868,1
DA:869,1
DA:870,1
DA:871,1
DA:872,1
DA:873,1
DA:874,1
DA:877,1
DA:881,1
DA:882,1
DA:883,1
DA:884,1
DA:885,1
DA:886,1
DA:887,1
DA:890,1
DA:891,1
DA:892,1
DA:893,1
DA:894,1
DA:895,1
DA:896,1
DA:898,1
DA:899,1
DA:900,1
DA:903,1
DA:904,1
DA:905,1
DA:906,1
DA:907,1
DA:908,1
DA:909,1
DA:910,1
DA:911,1
DA:914,1
DA:917,1
DA:918,1
DA:919,1
DA:922,1
DA:923,1
DA:926,79
DA:927,79
DA:928,79
DA:930,79
DA:931,79
DA:932,79
DA:933,79
DA:934,79
DA:935,79
DA:936,79
DA:937,79
DA:939,79
DA:940,79
DA:942,79
DA:943,79
DA:944,79
DA:946,79
DA:947,79
DA:949,79
DA:955,79
DA:956,79
DA:957,79
DA:958,79
DA:960,79
DA:962,79
DA:963,79
DA:964,79
DA:966,79
DA:967,79
DA:968,79
DA:969,79
DA:970,79
DA:971,79
DA:972,79
DA:973,79
DA:974,79
DA:975,79
DA:976,79
DA:977,79
DA:978,79
DA:979,79
DA:980,79
DA:981,79
DA:982,79
DA:983,79
DA:984,79
DA:985,79
DA:986,79
DA:987,79
DA:988,79
DA:989,79
DA:990,79
DA:991,79
DA:992,79
DA:993,79
DA:994,79
DA:995,79
DA:996,79
DA:997,79
DA:998,79
DA:999,79
DA:1000,79
DA:1001,79
DA:1002,79
DA:1003,79
DA:1004,79
DA:1005,79
DA:1006,79
DA:1007,79
DA:1008,79
DA:1009,79
DA:1010,79
DA:1011,79
DA:1012,79
DA:1013,79
DA:1014,79
DA:1015,79
DA:1016,79
DA:1017,79
DA:1018,79
DA:1019,79
DA:1021,79
DA:1022,79
DA:1025,79
DA:1026,79
DA:1027,79
DA:1028,79
DA:1029,79
DA:1030,1
DA:1031,1
DA:1033,1
LF:653
LH:653
end_of_record
TN:gcov_test
SF:/Users/superboy/C2_s21_stringplus-1/src/lib/s21_trim.c
FN:3,s21_trim
FNDA:1,s21_trim
FN:27,s21_strspn_reverse
FNDA:1,s21_strspn_reverse
FNF:2
FNH:2
DA:3,1
DA:4,1
DA:5,1
DA:6,2
DA:7,1
DA:8,1
DA:9,1
DA:10,1
DA:11,1
DA:12,1
DA:13,10
DA:14,9
DA:15,8
DA:17,1
DA:21,0
DA:24,1
DA:27,1
DA:28,1
DA:29,1
DA:30,11
DA:31,11
DA:32,24
DA:33,23
DA:34,10
DA:35,10
DA:36,10
DA:39,11
DA:42,1
LF:28
LH:27
end_of_record
